<?xml version="1.0" encoding="UTF-8"?>
<!-- Generated by org.testng.reporters.JUnitXMLReporter -->
<testsuite ignored="0" hostname="yogesh-Lenovo-E41-25" failures="0" tests="5" name="Default test" time="0.301" errors="0" timestamp="2026-01-03T00:32:12 IST">
  <testcase classname="Tests.Test2" name="test1" time="0.029"/>
  <testcase classname="Tests.Test2" name="test2" time="0.011"/>
  <testcase classname="Tests.Test2" name="test3" time="0.015"/>
  <testcase classname="Tests.Test2" name="test4" time="0.009"/>
  <testcase classname="Tests.Test2" name="test5" time="0.014"/>
</testsuite> <!-- Default test -->
