<?xml version="1.0" encoding="UTF-8"?>
<!-- Generated by org.testng.reporters.JUnitXMLReporter -->
<testsuite ignored="0" hostname="yogesh-Lenovo-E41-25" failures="0" tests="10" name="Test" time="0.59" errors="0" timestamp="2026-01-03T00:33:30 IST">
  <testcase classname="Tests.Test2" name="test1" time="0.038"/>
  <testcase classname="Tests.Test2" name="test2" time="0.009"/>
  <testcase classname="Tests.Test2" name="test3" time="0.01"/>
  <testcase classname="Tests.Test2" name="test4" time="0.013"/>
  <testcase classname="Tests.Test2" name="test5" time="0.013"/>
  <testcase classname="Tests.Test1" name="test1" time="0.008"/>
  <testcase classname="Tests.Test1" name="test2" time="0.014"/>
  <testcase classname="Tests.Test1" name="test3" time="0.007"/>
  <testcase classname="Tests.Test1" name="test4" time="0.016"/>
  <testcase classname="Tests.Test1" name="test5" time="0.017"/>
</testsuite> <!-- Test -->
