<?xml version="1.0" encoding="UTF-8"?>
<!-- Generated by org.testng.reporters.JUnitXMLReporter -->
<testsuite ignored="0" hostname="yogesh-Lenovo-E41-25" failures="0" tests="10" name="Command line test" time="0.19" errors="0" timestamp="2026-01-03T00:40:24 IST">
  <testcase classname="Tests.Test1" name="test1" time="0.01"/>
  <testcase classname="Tests.Test1" name="test2" time="0.001"/>
  <testcase classname="Tests.Test1" name="test3" time="0.001"/>
  <testcase classname="Tests.Test1" name="test4" time="0.004"/>
  <testcase classname="Tests.Test1" name="test5" time="0.001"/>
  <testcase classname="Tests.Test2" name="test1" time="0.003"/>
  <testcase classname="Tests.Test2" name="test2" time="0.004"/>
  <testcase classname="Tests.Test2" name="test3" time="0.001"/>
  <testcase classname="Tests.Test2" name="test4" time="0.002"/>
  <testcase classname="Tests.Test2" name="test5" time="0.001"/>
</testsuite> <!-- Command line test -->
