<?xml version="1.0" encoding="UTF-8"?>
<testng-results ignored="0" total="10" passed="10" failed="0" skipped="0">
  <reporter-output>
  </reporter-output>
  <suite started-at="2026-01-03T00:33:29 IST" name="Suite" finished-at="2026-01-03T00:33:30 IST" duration-ms="590">
    <groups>
    </groups>
    <test started-at="2026-01-03T00:33:29 IST" name="Test" finished-at="2026-01-03T00:33:30 IST" duration-ms="590">
      <class name="Tests.Test2">
        <test-method signature="test1()[pri:0, instance:Tests.Test2@31368b99]" started-at="2026-01-03T00:33:29 IST" name="test1" finished-at="2026-01-03T00:33:29 IST" duration-ms="38" status="PASS">
          <reporter-output>
          </reporter-output>
        </test-method> <!-- test1 -->
        <test-method signature="test2()[pri:0, instance:Tests.Test2@31368b99]" started-at="2026-01-03T00:33:29 IST" name="test2" finished-at="2026-01-03T00:33:29 IST" duration-ms="9" status="PASS">
          <reporter-output>
          </reporter-output>
        </test-method> <!-- test2 -->
        <test-method signature="test3()[pri:0, instance:Tests.Test2@31368b99]" started-at="2026-01-03T00:33:29 IST" name="test3" finished-at="2026-01-03T00:33:29 IST" duration-ms="10" status="PASS">
          <reporter-output>
          </reporter-output>
        </test-method> <!-- test3 -->
        <test-method signature="test4()[pri:0, instance:Tests.Test2@31368b99]" started-at="2026-01-03T00:33:29 IST" name="test4" finished-at="2026-01-03T00:33:29 IST" duration-ms="13" status="PASS">
          <reporter-output>
          </reporter-output>
        </test-method> <!-- test4 -->
        <test-method signature="test5()[pri:0, instance:Tests.Test2@31368b99]" started-at="2026-01-03T00:33:30 IST" name="test5" finished-at="2026-01-03T00:33:30 IST" duration-ms="13" status="PASS">
          <reporter-output>
          </reporter-output>
        </test-method> <!-- test5 -->
      </class> <!-- Tests.Test2 -->
      <class name="Tests.Test1">
        <test-method signature="test1()[pri:0, instance:Tests.Test1@41e36e46]" started-at="2026-01-03T00:33:30 IST" name="test1" finished-at="2026-01-03T00:33:30 IST" duration-ms="8" status="PASS">
          <reporter-output>
          </reporter-output>
        </test-method> <!-- test1 -->
        <test-method signature="test2()[pri:0, instance:Tests.Test1@41e36e46]" started-at="2026-01-03T00:33:30 IST" name="test2" finished-at="2026-01-03T00:33:30 IST" duration-ms="14" status="PASS">
          <reporter-output>
          </reporter-output>
        </test-method> <!-- test2 -->
        <test-method signature="test3()[pri:0, instance:Tests.Test1@41e36e46]" started-at="2026-01-03T00:33:30 IST" name="test3" finished-at="2026-01-03T00:33:30 IST" duration-ms="7" status="PASS">
          <reporter-output>
          </reporter-output>
        </test-method> <!-- test3 -->
        <test-method signature="test4()[pri:0, instance:Tests.Test1@41e36e46]" started-at="2026-01-03T00:33:30 IST" name="test4" finished-at="2026-01-03T00:33:30 IST" duration-ms="16" status="PASS">
          <reporter-output>
          </reporter-output>
        </test-method> <!-- test4 -->
        <test-method signature="test5()[pri:0, instance:Tests.Test1@41e36e46]" started-at="2026-01-03T00:33:30 IST" name="test5" finished-at="2026-01-03T00:33:30 IST" duration-ms="17" status="PASS">
          <reporter-output>
          </reporter-output>
        </test-method> <!-- test5 -->
      </class> <!-- Tests.Test1 -->
    </test> <!-- Test -->
  </suite> <!-- Suite -->
</testng-results>
