<?xml version="1.0" encoding="UTF-8"?>
<!-- Generated by org.testng.reporters.JUnitReportReporter -->
<testsuite hostname="yogesh-Lenovo-E41-25" failures="0" tests="5" name="Tests.Test2" time="0.083" errors="0" timestamp="2026-01-03T00:33:30 IST" skipped="0">
  <testcase classname="Tests.Test2" name="test2" time="0.009"/>
  <testcase classname="Tests.Test2" name="test3" time="0.010"/>
  <testcase classname="Tests.Test2" name="test4" time="0.013"/>
  <testcase classname="Tests.Test2" name="test1" time="0.038"/>
  <testcase classname="Tests.Test2" name="test5" time="0.013"/>
</testsuite> <!-- Tests.Test2 -->
