<?xml version="1.0" encoding="UTF-8"?>
<!-- Generated by org.testng.reporters.JUnitReportReporter -->
<testsuite hostname="yogesh-Lenovo-E41-25" failures="0" tests="5" name="Tests.Test1" time="0.062" errors="0" timestamp="2026-01-03T00:33:30 IST" skipped="0">
  <testcase classname="Tests.Test1" name="test3" time="0.007"/>
  <testcase classname="Tests.Test1" name="test5" time="0.017"/>
  <testcase classname="Tests.Test1" name="test2" time="0.014"/>
  <testcase classname="Tests.Test1" name="test1" time="0.008"/>
  <testcase classname="Tests.Test1" name="test4" time="0.016"/>
</testsuite> <!-- Tests.Test1 -->
