<?xml version="1.0" encoding="UTF-8"?>
<!-- Generated by org.testng.reporters.JUnitReportReporter -->
<testsuite hostname="yogesh-Lenovo-E41-25" failures="0" tests="5" name="Tests.Test2" time="0.011" errors="0" timestamp="2026-01-03T00:40:25 IST" skipped="0">
  <testcase classname="Tests.Test2" name="test5" time="0.001"/>
  <testcase classname="Tests.Test2" name="test4" time="0.002"/>
  <testcase classname="Tests.Test2" name="test1" time="0.003"/>
  <testcase classname="Tests.Test2" name="test3" time="0.001"/>
  <testcase classname="Tests.Test2" name="test2" time="0.004"/>
</testsuite> <!-- Tests.Test2 -->
